Determining if the pthread_create exist failed with the following output:
Change Dir: /home/cona/ROS2CoNA/build/CMakeFiles/CMakeTmp

Run Build Command:"/usr/bin/make" "cmTC_f088e/fast"
/usr/bin/make -f CMakeFiles/cmTC_f088e.dir/build.make CMakeFiles/cmTC_f088e.dir/build
make[1]: Entering directory '/home/cona/ROS2CoNA/build/CMakeFiles/CMakeTmp'
Building C object CMakeFiles/cmTC_f088e.dir/CheckSymbolExists.c.o
/usr/bin/cc     -o CMakeFiles/cmTC_f088e.dir/CheckSymbolExists.c.o   -c /home/cona/ROS2CoNA/build/CMakeFiles/CMakeTmp/CheckSymbolExists.c
Linking C executable cmTC_f088e
/usr/bin/cmake -E cmake_link_script CMakeFiles/cmTC_f088e.dir/link.txt --verbose=1
/usr/bin/cc       CMakeFiles/cmTC_f088e.dir/CheckSymbolExists.c.o  -o cmTC_f088e -rdynamic 
CMakeFiles/cmTC_f088e.dir/CheckSymbolExists.c.o: In function `main':
CheckSymbolExists.c:(.text+0x16): undefined reference to `pthread_create'
collect2: error: ld returned 1 exit status
CMakeFiles/cmTC_f088e.dir/build.make:97: recipe for target 'cmTC_f088e' failed
make[1]: *** [cmTC_f088e] Error 1
make[1]: Leaving directory '/home/cona/ROS2CoNA/build/CMakeFiles/CMakeTmp'
Makefile:126: recipe for target 'cmTC_f088e/fast' failed
make: *** [cmTC_f088e/fast] Error 2

File /home/cona/ROS2CoNA/build/CMakeFiles/CMakeTmp/CheckSymbolExists.c:
/* */
#include <pthread.h>

int main(int argc, char** argv)
{
  (void)argv;
#ifndef pthread_create
  return ((int*)(&pthread_create))[argc];
#else
  (void)argc;
  return 0;
#endif
}

Determining if the function pthread_create exists in the pthreads failed with the following output:
Change Dir: /home/cona/ROS2CoNA/build/CMakeFiles/CMakeTmp

Run Build Command:"/usr/bin/make" "cmTC_1bc91/fast"
/usr/bin/make -f CMakeFiles/cmTC_1bc91.dir/build.make CMakeFiles/cmTC_1bc91.dir/build
make[1]: Entering directory '/home/cona/ROS2CoNA/build/CMakeFiles/CMakeTmp'
Building C object CMakeFiles/cmTC_1bc91.dir/CheckFunctionExists.c.o
/usr/bin/cc    -DCHECK_FUNCTION_EXISTS=pthread_create   -o CMakeFiles/cmTC_1bc91.dir/CheckFunctionExists.c.o   -c /usr/share/cmake-3.5/Modules/CheckFunctionExists.c
Linking C executable cmTC_1bc91
/usr/bin/cmake -E cmake_link_script CMakeFiles/cmTC_1bc91.dir/link.txt --verbose=1
/usr/bin/cc   -DCHECK_FUNCTION_EXISTS=pthread_create    CMakeFiles/cmTC_1bc91.dir/CheckFunctionExists.c.o  -o cmTC_1bc91 -rdynamic -lpthreads 
/usr/bin/ld: cannot find -lpthreads
collect2: error: ld returned 1 exit status
CMakeFiles/cmTC_1bc91.dir/build.make:97: recipe for target 'cmTC_1bc91' failed
make[1]: *** [cmTC_1bc91] Error 1
make[1]: Leaving directory '/home/cona/ROS2CoNA/build/CMakeFiles/CMakeTmp'
Makefile:126: recipe for target 'cmTC_1bc91/fast' failed
make: *** [cmTC_1bc91/fast] Error 2


